
*** Running vivado
    with args -log AHBLITE_SYS.vds -m64 -product Vivado -mode batch -messageDb vivado.pb -notrace -source AHBLITE_SYS.tcl



****** Vivado v2022.2 (64-bit)
  **** SW Build 3671981 on Fri Oct 14 05:00:03 MDT 2022
  **** IP Build 3669848 on Fri Oct 14 08:30:02 MDT 2022
    ** Copyright 1986-2022 Xilinx, Inc. All Rights Reserved.

source AHBLITE_SYS.tcl -notrace
create_project: Time (s): cpu = 00:00:04 ; elapsed = 00:00:05 . Memory (MB): peak = 397.855 ; gain = 70.496
Command: read_checkpoint -auto_incremental -incremental D:/Kunal-tictactoe/Tic_Tac_Toe/Vivado/VivadoProject/VivadoProject.srcs/utils_1/imports/synth_1/AHBLITE_SYS.dcp
INFO: [Vivado 12-5825] Read reference checkpoint from D:/Kunal-tictactoe/Tic_Tac_Toe/Vivado/VivadoProject/VivadoProject.srcs/utils_1/imports/synth_1/AHBLITE_SYS.dcp for incremental synthesis
INFO: [Vivado 12-7989] Please ensure there are no constraint changes
Command: synth_design -top AHBLITE_SYS -part xc7a100tcsg324-1
Starting synth_design
Attempting to get a license for feature 'Synthesis' and/or device 'xc7a100t'
INFO: [Common 17-349] Got license for feature 'Synthesis' and/or device 'xc7a100t'
INFO: [Device 21-403] Loading part xc7a100tcsg324-1
INFO: [Designutils 20-5440] No compile time benefit to using incremental synthesis; A full resynthesis will be run
INFO: [Designutils 20-4379] Flow is switching to default flow due to incremental criteria not met. If you would like to alter this behaviour and have the flow terminate instead, please set the following parameter config_implementation {autoIncr.Synth.RejectBehavior Terminate}
INFO: [Synth 8-7079] Multithreading enabled for synth_design using a maximum of 2 processes.
INFO: [Synth 8-7078] Launching helper process for spawning children vivado processes
INFO: [Synth 8-7075] Helper process launched with PID 21348
INFO: [Synth 8-11241] undeclared symbol 'REGCCE', assumed default net type 'wire' [C:/Xilinx/Vivado/2022.2/data/verilog/src/unimacro/BRAM_SINGLE_MACRO.v:2170]
WARNING: [Synth 8-10929] literal value 'b1_1110 truncated to fit in 4 bits [D:/Kunal-tictactoe/Tic_Tac_Toe/Files/FPGA/AHB_7SEG/AHB7SEGDEC.v:145]
INFO: [Synth 8-11241] undeclared symbol 'we', assumed default net type 'wire' [D:/Kunal-tictactoe/Tic_Tac_Toe/Files/FPGA/AHB_VGA/vga_console.v:110]
INFO: [Synth 8-11241] undeclared symbol 'back_space', assumed default net type 'wire' [D:/Kunal-tictactoe/Tic_Tac_Toe/Files/FPGA/AHB_VGA/vga_console.v:148]
INFO: [Synth 8-11241] undeclared symbol 'TMS', assumed default net type 'wire' [D:/Kunal-tictactoe/Tic_Tac_Toe/Files/FPGA/AHB_SYS/AHBLITE_SYS.v:170]
INFO: [Synth 8-11241] undeclared symbol 'TDO', assumed default net type 'wire' [D:/Kunal-tictactoe/Tic_Tac_Toe/Files/FPGA/AHB_SYS/AHBLITE_SYS.v:171]
INFO: [Synth 8-11241] undeclared symbol 'TCK', assumed default net type 'wire' [D:/Kunal-tictactoe/Tic_Tac_Toe/Files/FPGA/AHB_SYS/AHBLITE_SYS.v:211]
INFO: [Synth 8-11241] undeclared symbol 'TDI', assumed default net type 'wire' [D:/Kunal-tictactoe/Tic_Tac_Toe/Files/FPGA/AHB_SYS/AHBLITE_SYS.v:213]
---------------------------------------------------------------------------------
Starting RTL Elaboration : Time (s): cpu = 00:00:05 ; elapsed = 00:00:06 . Memory (MB): peak = 1225.453 ; gain = 408.406
---------------------------------------------------------------------------------
INFO: [Synth 8-6157] synthesizing module 'AHBLITE_SYS' [D:/Kunal-tictactoe/Tic_Tac_Toe/Files/FPGA/AHB_SYS/AHBLITE_SYS.v:37]
INFO: [Synth 8-6157] synthesizing module 'BUFG' [C:/Xilinx/Vivado/2022.2/scripts/rt/data/unisim_comp.v:1082]
INFO: [Synth 8-6155] done synthesizing module 'BUFG' (0#1) [C:/Xilinx/Vivado/2022.2/scripts/rt/data/unisim_comp.v:1082]
INFO: [Synth 8-6157] synthesizing module 'CORTEXM0INTEGRATION' [D:/Kunal-tictactoe/Tic_Tac_Toe/Files/FPGA/CortexM0-DS/CORTEXM0INTEGRATION.v:29]
INFO: [Synth 8-6157] synthesizing module 'cortexm0ds_logic' [D:/Kunal-tictactoe/Tic_Tac_Toe/Files/FPGA/CortexM0-DS/cortexm0ds_logic.v:27]
INFO: [Synth 8-6155] done synthesizing module 'cortexm0ds_logic' (0#1) [D:/Kunal-tictactoe/Tic_Tac_Toe/Files/FPGA/CortexM0-DS/cortexm0ds_logic.v:27]
INFO: [Synth 8-6155] done synthesizing module 'CORTEXM0INTEGRATION' (0#1) [D:/Kunal-tictactoe/Tic_Tac_Toe/Files/FPGA/CortexM0-DS/CORTEXM0INTEGRATION.v:29]
WARNING: [Synth 8-689] width (2) of port connection 'HRESP' does not match port width (1) of module 'CORTEXM0INTEGRATION' [D:/Kunal-tictactoe/Tic_Tac_Toe/Files/FPGA/AHB_SYS/AHBLITE_SYS.v:201]
INFO: [Synth 8-6157] synthesizing module 'AHBDCD' [D:/Kunal-tictactoe/Tic_Tac_Toe/Files/FPGA/AHB_DCD/AHBDCD.v:38]
INFO: [Synth 8-6155] done synthesizing module 'AHBDCD' (0#1) [D:/Kunal-tictactoe/Tic_Tac_Toe/Files/FPGA/AHB_DCD/AHBDCD.v:38]
INFO: [Synth 8-6157] synthesizing module 'AHBMUX' [D:/Kunal-tictactoe/Tic_Tac_Toe/Files/FPGA/AHB_MUX/AHBMUX.v:38]
INFO: [Synth 8-6155] done synthesizing module 'AHBMUX' (0#1) [D:/Kunal-tictactoe/Tic_Tac_Toe/Files/FPGA/AHB_MUX/AHBMUX.v:38]
INFO: [Synth 8-6157] synthesizing module 'AHB2MEM' [D:/Kunal-tictactoe/Tic_Tac_Toe/Files/FPGA/AHB_RAM/AHB2BRAM.v:11]
INFO: [Synth 8-3876] $readmem data file 'code.hex' is read successfully [D:/Kunal-tictactoe/Tic_Tac_Toe/Files/FPGA/AHB_RAM/AHB2BRAM.v:40]
INFO: [Synth 8-6155] done synthesizing module 'AHB2MEM' (0#1) [D:/Kunal-tictactoe/Tic_Tac_Toe/Files/FPGA/AHB_RAM/AHB2BRAM.v:11]
INFO: [Synth 8-6157] synthesizing module 'AHBVGA' [D:/Kunal-tictactoe/Tic_Tac_Toe/Files/FPGA/AHB_VGA/AHBVGASYS.v:38]
INFO: [Synth 8-6157] synthesizing module 'VGAInterface' [D:/Kunal-tictactoe/Tic_Tac_Toe/Files/FPGA/AHB_VGA/vga_sync.v:37]
INFO: [Synth 8-6157] synthesizing module 'GenericCounter' [D:/Kunal-tictactoe/Tic_Tac_Toe/Files/FPGA/AHB_VGA/counter.v:38]
	Parameter COUNTER_WIDTH bound to: 1 - type: integer 
	Parameter COUNTER_MAX bound to: 1 - type: integer 
INFO: [Synth 8-6155] done synthesizing module 'GenericCounter' (0#1) [D:/Kunal-tictactoe/Tic_Tac_Toe/Files/FPGA/AHB_VGA/counter.v:38]
WARNING: [Synth 8-7071] port 'COUNT' of module 'GenericCounter' is unconnected for instance 'FreqDivider' [D:/Kunal-tictactoe/Tic_Tac_Toe/Files/FPGA/AHB_VGA/vga_sync.v:66]
WARNING: [Synth 8-7023] instance 'FreqDivider' of module 'GenericCounter' has 5 connections declared, but only 4 given [D:/Kunal-tictactoe/Tic_Tac_Toe/Files/FPGA/AHB_VGA/vga_sync.v:66]
INFO: [Synth 8-6157] synthesizing module 'GenericCounter__parameterized0' [D:/Kunal-tictactoe/Tic_Tac_Toe/Files/FPGA/AHB_VGA/counter.v:38]
	Parameter COUNTER_WIDTH bound to: 10 - type: integer 
	Parameter COUNTER_MAX bound to: 10'b1100100000 
INFO: [Synth 8-6155] done synthesizing module 'GenericCounter__parameterized0' (0#1) [D:/Kunal-tictactoe/Tic_Tac_Toe/Files/FPGA/AHB_VGA/counter.v:38]
INFO: [Synth 8-6157] synthesizing module 'GenericCounter__parameterized1' [D:/Kunal-tictactoe/Tic_Tac_Toe/Files/FPGA/AHB_VGA/counter.v:38]
	Parameter COUNTER_WIDTH bound to: 10 - type: integer 
	Parameter COUNTER_MAX bound to: 10'b1000001001 
INFO: [Synth 8-6155] done synthesizing module 'GenericCounter__parameterized1' (0#1) [D:/Kunal-tictactoe/Tic_Tac_Toe/Files/FPGA/AHB_VGA/counter.v:38]
WARNING: [Synth 8-7071] port 'TRIG_OUT' of module 'GenericCounter' is unconnected for instance 'VertAddrCounter' [D:/Kunal-tictactoe/Tic_Tac_Toe/Files/FPGA/AHB_VGA/vga_sync.v:87]
WARNING: [Synth 8-7023] instance 'VertAddrCounter' of module 'GenericCounter' has 5 connections declared, but only 4 given [D:/Kunal-tictactoe/Tic_Tac_Toe/Files/FPGA/AHB_VGA/vga_sync.v:87]
INFO: [Synth 8-6155] done synthesizing module 'VGAInterface' (0#1) [D:/Kunal-tictactoe/Tic_Tac_Toe/Files/FPGA/AHB_VGA/vga_sync.v:37]
INFO: [Synth 8-6157] synthesizing module 'vga_console' [D:/Kunal-tictactoe/Tic_Tac_Toe/Files/FPGA/AHB_VGA/vga_console.v:38]
INFO: [Synth 8-6157] synthesizing module 'font_rom' [D:/Kunal-tictactoe/Tic_Tac_Toe/Files/FPGA/AHB_VGA/font_rom.v:37]
INFO: [Synth 8-6155] done synthesizing module 'font_rom' (0#1) [D:/Kunal-tictactoe/Tic_Tac_Toe/Files/FPGA/AHB_VGA/font_rom.v:37]
INFO: [Synth 8-6157] synthesizing module 'dual_port_ram_sync' [D:/Kunal-tictactoe/Tic_Tac_Toe/Files/FPGA/AHB_VGA/dual_port_ram_sync.v:37]
	Parameter ADDR_WIDTH bound to: 12 - type: integer 
	Parameter DATA_WIDTH bound to: 7 - type: integer 
INFO: [Synth 8-6155] done synthesizing module 'dual_port_ram_sync' (0#1) [D:/Kunal-tictactoe/Tic_Tac_Toe/Files/FPGA/AHB_VGA/dual_port_ram_sync.v:37]
INFO: [Synth 8-6155] done synthesizing module 'vga_console' (0#1) [D:/Kunal-tictactoe/Tic_Tac_Toe/Files/FPGA/AHB_VGA/vga_console.v:38]
INFO: [Synth 8-6157] synthesizing module 'vga_image' [D:/Kunal-tictactoe/Tic_Tac_Toe/Files/FPGA/AHB_VGA/vga_image.v:38]
INFO: [Synth 8-6157] synthesizing module 'dual_port_ram_sync__parameterized0' [D:/Kunal-tictactoe/Tic_Tac_Toe/Files/FPGA/AHB_VGA/dual_port_ram_sync.v:37]
	Parameter ADDR_WIDTH bound to: 15 - type: integer 
	Parameter DATA_WIDTH bound to: 8 - type: integer 
INFO: [Synth 8-6155] done synthesizing module 'dual_port_ram_sync__parameterized0' (0#1) [D:/Kunal-tictactoe/Tic_Tac_Toe/Files/FPGA/AHB_VGA/dual_port_ram_sync.v:37]
WARNING: [Synth 8-689] width (16) of port connection 'addr_b' does not match port width (15) of module 'dual_port_ram_sync__parameterized0' [D:/Kunal-tictactoe/Tic_Tac_Toe/Files/FPGA/AHB_VGA/vga_image.v:72]
INFO: [Synth 8-6155] done synthesizing module 'vga_image' (0#1) [D:/Kunal-tictactoe/Tic_Tac_Toe/Files/FPGA/AHB_VGA/vga_image.v:38]
INFO: [Synth 8-6155] done synthesizing module 'AHBVGA' (0#1) [D:/Kunal-tictactoe/Tic_Tac_Toe/Files/FPGA/AHB_VGA/AHBVGASYS.v:38]
INFO: [Synth 8-6157] synthesizing module 'AHBUART' [D:/Kunal-tictactoe/Tic_Tac_Toe/Files/FPGA/AHB_UART/AHBUART.v:38]
INFO: [Synth 8-6157] synthesizing module 'BAUDGEN' [D:/Kunal-tictactoe/Tic_Tac_Toe/Files/FPGA/AHB_UART/baudgen.v:37]
INFO: [Synth 8-6155] done synthesizing module 'BAUDGEN' (0#1) [D:/Kunal-tictactoe/Tic_Tac_Toe/Files/FPGA/AHB_UART/baudgen.v:37]
INFO: [Synth 8-6157] synthesizing module 'FIFO' [D:/Kunal-tictactoe/Tic_Tac_Toe/Files/FPGA/AHB_UART/fifo.v:38]
	Parameter DWIDTH bound to: 8 - type: integer 
	Parameter AWIDTH bound to: 4 - type: integer 
INFO: [Synth 8-155] case statement is not full and has no default [D:/Kunal-tictactoe/Tic_Tac_Toe/Files/FPGA/AHB_UART/fifo.v:115]
INFO: [Synth 8-6155] done synthesizing module 'FIFO' (0#1) [D:/Kunal-tictactoe/Tic_Tac_Toe/Files/FPGA/AHB_UART/fifo.v:38]
INFO: [Synth 8-6157] synthesizing module 'UART_RX' [D:/Kunal-tictactoe/Tic_Tac_Toe/Files/FPGA/AHB_UART/uart_rx.v:38]
INFO: [Synth 8-6155] done synthesizing module 'UART_RX' (0#1) [D:/Kunal-tictactoe/Tic_Tac_Toe/Files/FPGA/AHB_UART/uart_rx.v:38]
INFO: [Synth 8-6157] synthesizing module 'UART_TX' [D:/Kunal-tictactoe/Tic_Tac_Toe/Files/FPGA/AHB_UART/uart_tx.v:38]
INFO: [Synth 8-6155] done synthesizing module 'UART_TX' (0#1) [D:/Kunal-tictactoe/Tic_Tac_Toe/Files/FPGA/AHB_UART/uart_tx.v:38]
INFO: [Synth 8-6155] done synthesizing module 'AHBUART' (0#1) [D:/Kunal-tictactoe/Tic_Tac_Toe/Files/FPGA/AHB_UART/AHBUART.v:38]
INFO: [Synth 8-6157] synthesizing module 'AHB7SEGDEC' [D:/Kunal-tictactoe/Tic_Tac_Toe/Files/FPGA/AHB_7SEG/AHB7SEGDEC.v:38]
INFO: [Synth 8-6155] done synthesizing module 'AHB7SEGDEC' (0#1) [D:/Kunal-tictactoe/Tic_Tac_Toe/Files/FPGA/AHB_7SEG/AHB7SEGDEC.v:38]
INFO: [Synth 8-6157] synthesizing module 'AHBTIMER' [D:/Kunal-tictactoe/Tic_Tac_Toe/Files/FPGA/AHB_TIMER/AHBTIMER.v:38]
INFO: [Synth 8-6157] synthesizing module 'prescaler' [D:/Kunal-tictactoe/Tic_Tac_Toe/Files/FPGA/AHB_TIMER/prescaler.v:37]
INFO: [Synth 8-6155] done synthesizing module 'prescaler' (0#1) [D:/Kunal-tictactoe/Tic_Tac_Toe/Files/FPGA/AHB_TIMER/prescaler.v:37]
INFO: [Synth 8-6155] done synthesizing module 'AHBTIMER' (0#1) [D:/Kunal-tictactoe/Tic_Tac_Toe/Files/FPGA/AHB_TIMER/AHBTIMER.v:38]
INFO: [Synth 8-6157] synthesizing module 'AHBGPIO' [D:/Kunal-tictactoe/Tic_Tac_Toe/Files/FPGA/AHB_GPIO/AHBGPIO.v:38]
INFO: [Synth 8-6155] done synthesizing module 'AHBGPIO' (0#1) [D:/Kunal-tictactoe/Tic_Tac_Toe/Files/FPGA/AHB_GPIO/AHBGPIO.v:38]
WARNING: [Synth 8-689] width (8) of port connection 'GPIOOUT' does not match port width (16) of module 'AHBGPIO' [D:/Kunal-tictactoe/Tic_Tac_Toe/Files/FPGA/AHB_SYS/AHBLITE_SYS.v:411]
INFO: [Synth 8-6155] done synthesizing module 'AHBLITE_SYS' (0#1) [D:/Kunal-tictactoe/Tic_Tac_Toe/Files/FPGA/AHB_SYS/AHBLITE_SYS.v:37]
WARNING: [Synth 8-6014] Unused sequential element APhase_HRADDR_reg was removed.  [D:/Kunal-tictactoe/Tic_Tac_Toe/Files/FPGA/AHB_RAM/AHB2BRAM.v:61]
WARNING: [Synth 8-3936] Found unconnected internal register 'reset_n_buf_reg' and it is trimmed from '2' to '1' bits. [D:/Kunal-tictactoe/Tic_Tac_Toe/Files/FPGA/AHB_VGA/dual_port_ram_sync.v:64]
WARNING: [Synth 8-6014] Unused sequential element pixel_y1_reg was removed.  [D:/Kunal-tictactoe/Tic_Tac_Toe/Files/FPGA/AHB_VGA/vga_console.v:132]
WARNING: [Synth 8-6014] Unused sequential element pixel_y2_reg was removed.  [D:/Kunal-tictactoe/Tic_Tac_Toe/Files/FPGA/AHB_VGA/vga_console.v:133]
WARNING: [Synth 8-7137] Register pixel_x1_reg in module vga_console has both Set and reset with same priority. This may cause simulation mismatches. Consider rewriting code  [D:/Kunal-tictactoe/Tic_Tac_Toe/Files/FPGA/AHB_VGA/vga_console.v:130]
WARNING: [Synth 8-7137] Register pixel_x2_reg in module vga_console has both Set and reset with same priority. This may cause simulation mismatches. Consider rewriting code  [D:/Kunal-tictactoe/Tic_Tac_Toe/Files/FPGA/AHB_VGA/vga_console.v:131]
WARNING: [Synth 8-3936] Found unconnected internal register 'reset_n_buf_reg' and it is trimmed from '2' to '1' bits. [D:/Kunal-tictactoe/Tic_Tac_Toe/Files/FPGA/AHB_VGA/dual_port_ram_sync.v:64]
WARNING: [Synth 8-3936] Found unconnected internal register 'address_reg_reg' and it is trimmed from '16' to '15' bits. [D:/Kunal-tictactoe/Tic_Tac_Toe/Files/FPGA/AHB_VGA/vga_image.v:62]
WARNING: [Synth 8-3848] Net HRDATA in module/entity AHBVGA does not have driver. [D:/Kunal-tictactoe/Tic_Tac_Toe/Files/FPGA/AHB_VGA/AHBVGASYS.v:48]
WARNING: [Synth 8-3848] Net TCK in module/entity AHBLITE_SYS does not have driver. [D:/Kunal-tictactoe/Tic_Tac_Toe/Files/FPGA/AHB_SYS/AHBLITE_SYS.v:211]
WARNING: [Synth 8-3848] Net TDI in module/entity AHBLITE_SYS does not have driver. [D:/Kunal-tictactoe/Tic_Tac_Toe/Files/FPGA/AHB_SYS/AHBLITE_SYS.v:213]
WARNING: [Synth 8-7129] Port HRDATA[31] in module AHBGPIO is either unconnected or has no load
WARNING: [Synth 8-7129] Port HRDATA[30] in module AHBGPIO is either unconnected or has no load
WARNING: [Synth 8-7129] Port HRDATA[29] in module AHBGPIO is either unconnected or has no load
WARNING: [Synth 8-7129] Port HRDATA[28] in module AHBGPIO is either unconnected or has no load
WARNING: [Synth 8-7129] Port HRDATA[27] in module AHBGPIO is either unconnected or has no load
WARNING: [Synth 8-7129] Port HRDATA[26] in module AHBGPIO is either unconnected or has no load
WARNING: [Synth 8-7129] Port HRDATA[25] in module AHBGPIO is either unconnected or has no load
WARNING: [Synth 8-7129] Port HRDATA[24] in module AHBGPIO is either unconnected or has no load
WARNING: [Synth 8-7129] Port HRDATA[23] in module AHBGPIO is either unconnected or has no load
WARNING: [Synth 8-7129] Port HRDATA[22] in module AHBGPIO is either unconnected or has no load
WARNING: [Synth 8-7129] Port HRDATA[21] in module AHBGPIO is either unconnected or has no load
WARNING: [Synth 8-7129] Port HRDATA[20] in module AHBGPIO is either unconnected or has no load
WARNING: [Synth 8-7129] Port HRDATA[19] in module AHBGPIO is either unconnected or has no load
WARNING: [Synth 8-7129] Port HRDATA[18] in module AHBGPIO is either unconnected or has no load
WARNING: [Synth 8-7129] Port HRDATA[17] in module AHBGPIO is either unconnected or has no load
WARNING: [Synth 8-7129] Port HRDATA[16] in module AHBGPIO is either unconnected or has no load
WARNING: [Synth 8-7129] Port HWDATA[31] in module AHBGPIO is either unconnected or has no load
WARNING: [Synth 8-7129] Port HWDATA[30] in module AHBGPIO is either unconnected or has no load
WARNING: [Synth 8-7129] Port HWDATA[29] in module AHBGPIO is either unconnected or has no load
WARNING: [Synth 8-7129] Port HWDATA[28] in module AHBGPIO is either unconnected or has no load
WARNING: [Synth 8-7129] Port HWDATA[27] in module AHBGPIO is either unconnected or has no load
WARNING: [Synth 8-7129] Port HWDATA[26] in module AHBGPIO is either unconnected or has no load
WARNING: [Synth 8-7129] Port HWDATA[25] in module AHBGPIO is either unconnected or has no load
WARNING: [Synth 8-7129] Port HWDATA[24] in module AHBGPIO is either unconnected or has no load
WARNING: [Synth 8-7129] Port HWDATA[23] in module AHBGPIO is either unconnected or has no load
WARNING: [Synth 8-7129] Port HWDATA[22] in module AHBGPIO is either unconnected or has no load
WARNING: [Synth 8-7129] Port HWDATA[21] in module AHBGPIO is either unconnected or has no load
WARNING: [Synth 8-7129] Port HWDATA[20] in module AHBGPIO is either unconnected or has no load
WARNING: [Synth 8-7129] Port HWDATA[19] in module AHBGPIO is either unconnected or has no load
WARNING: [Synth 8-7129] Port HWDATA[18] in module AHBGPIO is either unconnected or has no load
WARNING: [Synth 8-7129] Port HWDATA[17] in module AHBGPIO is either unconnected or has no load
WARNING: [Synth 8-7129] Port HWDATA[16] in module AHBGPIO is either unconnected or has no load
WARNING: [Synth 8-7129] Port HWDATA[31] in module AHB7SEGDEC is either unconnected or has no load
WARNING: [Synth 8-7129] Port HWDATA[30] in module AHB7SEGDEC is either unconnected or has no load
WARNING: [Synth 8-7129] Port HWDATA[29] in module AHB7SEGDEC is either unconnected or has no load
WARNING: [Synth 8-7129] Port HWDATA[28] in module AHB7SEGDEC is either unconnected or has no load
WARNING: [Synth 8-7129] Port HWDATA[27] in module AHB7SEGDEC is either unconnected or has no load
WARNING: [Synth 8-7129] Port HWDATA[26] in module AHB7SEGDEC is either unconnected or has no load
WARNING: [Synth 8-7129] Port HWDATA[25] in module AHB7SEGDEC is either unconnected or has no load
WARNING: [Synth 8-7129] Port HWDATA[24] in module AHB7SEGDEC is either unconnected or has no load
WARNING: [Synth 8-7129] Port HWDATA[23] in module AHB7SEGDEC is either unconnected or has no load
WARNING: [Synth 8-7129] Port HWDATA[22] in module AHB7SEGDEC is either unconnected or has no load
WARNING: [Synth 8-7129] Port HWDATA[21] in module AHB7SEGDEC is either unconnected or has no load
WARNING: [Synth 8-7129] Port HWDATA[20] in module AHB7SEGDEC is either unconnected or has no load
WARNING: [Synth 8-7129] Port HWDATA[19] in module AHB7SEGDEC is either unconnected or has no load
WARNING: [Synth 8-7129] Port HWDATA[18] in module AHB7SEGDEC is either unconnected or has no load
WARNING: [Synth 8-7129] Port HWDATA[17] in module AHB7SEGDEC is either unconnected or has no load
WARNING: [Synth 8-7129] Port HWDATA[16] in module AHB7SEGDEC is either unconnected or has no load
WARNING: [Synth 8-7129] Port HWDATA[15] in module AHB7SEGDEC is either unconnected or has no load
WARNING: [Synth 8-7129] Port HWDATA[14] in module AHB7SEGDEC is either unconnected or has no load
WARNING: [Synth 8-7129] Port HWDATA[13] in module AHB7SEGDEC is either unconnected or has no load
WARNING: [Synth 8-7129] Port HWDATA[12] in module AHB7SEGDEC is either unconnected or has no load
WARNING: [Synth 8-7129] Port HWDATA[11] in module AHB7SEGDEC is either unconnected or has no load
WARNING: [Synth 8-7129] Port HWDATA[10] in module AHB7SEGDEC is either unconnected or has no load
WARNING: [Synth 8-7129] Port HWDATA[9] in module AHB7SEGDEC is either unconnected or has no load
WARNING: [Synth 8-7129] Port HWDATA[8] in module AHB7SEGDEC is either unconnected or has no load
WARNING: [Synth 8-7129] Port HWDATA[31] in module AHBUART is either unconnected or has no load
WARNING: [Synth 8-7129] Port HWDATA[30] in module AHBUART is either unconnected or has no load
WARNING: [Synth 8-7129] Port HWDATA[29] in module AHBUART is either unconnected or has no load
WARNING: [Synth 8-7129] Port HWDATA[28] in module AHBUART is either unconnected or has no load
WARNING: [Synth 8-7129] Port HWDATA[27] in module AHBUART is either unconnected or has no load
WARNING: [Synth 8-7129] Port HWDATA[26] in module AHBUART is either unconnected or has no load
WARNING: [Synth 8-7129] Port HWDATA[25] in module AHBUART is either unconnected or has no load
WARNING: [Synth 8-7129] Port HWDATA[24] in module AHBUART is either unconnected or has no load
WARNING: [Synth 8-7129] Port HWDATA[23] in module AHBUART is either unconnected or has no load
WARNING: [Synth 8-7129] Port HWDATA[22] in module AHBUART is either unconnected or has no load
WARNING: [Synth 8-7129] Port HWDATA[21] in module AHBUART is either unconnected or has no load
WARNING: [Synth 8-7129] Port HWDATA[20] in module AHBUART is either unconnected or has no load
WARNING: [Synth 8-7129] Port HWDATA[19] in module AHBUART is either unconnected or has no load
WARNING: [Synth 8-7129] Port HWDATA[18] in module AHBUART is either unconnected or has no load
WARNING: [Synth 8-7129] Port HWDATA[17] in module AHBUART is either unconnected or has no load
WARNING: [Synth 8-7129] Port HWDATA[16] in module AHBUART is either unconnected or has no load
WARNING: [Synth 8-7129] Port HWDATA[15] in module AHBUART is either unconnected or has no load
WARNING: [Synth 8-7129] Port HWDATA[14] in module AHBUART is either unconnected or has no load
WARNING: [Synth 8-7129] Port HWDATA[13] in module AHBUART is either unconnected or has no load
WARNING: [Synth 8-7129] Port HWDATA[12] in module AHBUART is either unconnected or has no load
WARNING: [Synth 8-7129] Port HWDATA[11] in module AHBUART is either unconnected or has no load
WARNING: [Synth 8-7129] Port HWDATA[10] in module AHBUART is either unconnected or has no load
WARNING: [Synth 8-7129] Port HWDATA[9] in module AHBUART is either unconnected or has no load
WARNING: [Synth 8-7129] Port HWDATA[8] in module AHBUART is either unconnected or has no load
WARNING: [Synth 8-7129] Port pixel_x[9] in module vga_image is either unconnected or has no load
WARNING: [Synth 8-7129] Port pixel_y[9] in module vga_image is either unconnected or has no load
WARNING: [Synth 8-7129] Port pixel_y[1] in module vga_image is either unconnected or has no load
WARNING: [Synth 8-7129] Port pixel_y[0] in module vga_image is either unconnected or has no load
WARNING: [Synth 8-7129] Port address[15] in module vga_image is either unconnected or has no load
WARNING: [Synth 8-7129] Port pixel_y[9] in module vga_console is either unconnected or has no load
WARNING: [Synth 8-7129] Port font_data[7] in module vga_console is either unconnected or has no load
WARNING: [Synth 8-7129] Port HRDATA[31] in module AHBVGA is either unconnected or has no load
WARNING: [Synth 8-7129] Port HRDATA[30] in module AHBVGA is either unconnected or has no load
WARNING: [Synth 8-7129] Port HRDATA[29] in module AHBVGA is either unconnected or has no load
WARNING: [Synth 8-7129] Port HRDATA[28] in module AHBVGA is either unconnected or has no load
WARNING: [Synth 8-7129] Port HRDATA[27] in module AHBVGA is either unconnected or has no load
WARNING: [Synth 8-7129] Port HRDATA[26] in module AHBVGA is either unconnected or has no load
WARNING: [Synth 8-7129] Port HRDATA[25] in module AHBVGA is either unconnected or has no load
WARNING: [Synth 8-7129] Port HRDATA[24] in module AHBVGA is either unconnected or has no load
WARNING: [Synth 8-7129] Port HRDATA[23] in module AHBVGA is either unconnected or has no load
WARNING: [Synth 8-7129] Port HRDATA[22] in module AHBVGA is either unconnected or has no load
WARNING: [Synth 8-7129] Port HRDATA[21] in module AHBVGA is either unconnected or has no load
WARNING: [Synth 8-7129] Port HRDATA[20] in module AHBVGA is either unconnected or has no load
WARNING: [Synth 8-7129] Port HRDATA[19] in module AHBVGA is either unconnected or has no load
INFO: [Common 17-14] Message 'Synth 8-7129' appears 100 times and further instances of the messages will be disabled. Use the Tcl command set_msg_config to change the current settings.
---------------------------------------------------------------------------------
Finished RTL Elaboration : Time (s): cpu = 00:00:21 ; elapsed = 00:00:35 . Memory (MB): peak = 1596.023 ; gain = 778.977
---------------------------------------------------------------------------------
---------------------------------------------------------------------------------
Start Handling Custom Attributes
---------------------------------------------------------------------------------
---------------------------------------------------------------------------------
Finished Handling Custom Attributes : Time (s): cpu = 00:00:22 ; elapsed = 00:00:36 . Memory (MB): peak = 1596.023 ; gain = 778.977
---------------------------------------------------------------------------------
---------------------------------------------------------------------------------
Finished RTL Optimization Phase 1 : Time (s): cpu = 00:00:22 ; elapsed = 00:00:36 . Memory (MB): peak = 1596.023 ; gain = 778.977
---------------------------------------------------------------------------------
Netlist sorting complete. Time (s): cpu = 00:00:01 ; elapsed = 00:00:00.100 . Memory (MB): peak = 1596.023 ; gain = 0.000
INFO: [Project 1-570] Preparing netlist for logic optimization

Processing XDC Constraints
Initializing timing engine
Parsing XDC File [D:/Kunal-tictactoe/Tic_Tac_Toe/Files/FPGA/Constraint/Nexys-A7-100T-Master.xdc]
WARNING: [Vivado 12-584] No ports matched 'an[4]'. [D:/Kunal-tictactoe/Tic_Tac_Toe/Files/FPGA/Constraint/Nexys-A7-100T-Master.xdc:68]
CRITICAL WARNING: [Common 17-55] 'set_property' expects at least one object. [D:/Kunal-tictactoe/Tic_Tac_Toe/Files/FPGA/Constraint/Nexys-A7-100T-Master.xdc:68]
Resolution: If [get_<value>] was used to populate the object, check to make sure this command returns at least one valid object.
WARNING: [Vivado 12-584] No ports matched 'an[5]'. [D:/Kunal-tictactoe/Tic_Tac_Toe/Files/FPGA/Constraint/Nexys-A7-100T-Master.xdc:69]
CRITICAL WARNING: [Common 17-55] 'set_property' expects at least one object. [D:/Kunal-tictactoe/Tic_Tac_Toe/Files/FPGA/Constraint/Nexys-A7-100T-Master.xdc:69]
Resolution: If [get_<value>] was used to populate the object, check to make sure this command returns at least one valid object.
WARNING: [Vivado 12-584] No ports matched 'an[6]'. [D:/Kunal-tictactoe/Tic_Tac_Toe/Files/FPGA/Constraint/Nexys-A7-100T-Master.xdc:70]
CRITICAL WARNING: [Common 17-55] 'set_property' expects at least one object. [D:/Kunal-tictactoe/Tic_Tac_Toe/Files/FPGA/Constraint/Nexys-A7-100T-Master.xdc:70]
Resolution: If [get_<value>] was used to populate the object, check to make sure this command returns at least one valid object.
WARNING: [Vivado 12-584] No ports matched 'an[7]'. [D:/Kunal-tictactoe/Tic_Tac_Toe/Files/FPGA/Constraint/Nexys-A7-100T-Master.xdc:71]
CRITICAL WARNING: [Common 17-55] 'set_property' expects at least one object. [D:/Kunal-tictactoe/Tic_Tac_Toe/Files/FPGA/Constraint/Nexys-A7-100T-Master.xdc:71]
Resolution: If [get_<value>] was used to populate the object, check to make sure this command returns at least one valid object.
Finished Parsing XDC File [D:/Kunal-tictactoe/Tic_Tac_Toe/Files/FPGA/Constraint/Nexys-A7-100T-Master.xdc]
INFO: [Project 1-236] Implementation specific constraints were found while reading constraint file [D:/Kunal-tictactoe/Tic_Tac_Toe/Files/FPGA/Constraint/Nexys-A7-100T-Master.xdc]. These constraints will be ignored for synthesis but will be used in implementation. Impacted constraints are listed in the file [.Xil/AHBLITE_SYS_propImpl.xdc].
Resolution: To avoid this warning, move constraints listed in [.Xil/AHBLITE_SYS_propImpl.xdc] to another XDC file and exclude this new file from synthesis with the used_in_synthesis property (File Properties dialog in GUI) and re-run elaboration/synthesis.
Completed Processing XDC Constraints

Netlist sorting complete. Time (s): cpu = 00:00:00 ; elapsed = 00:00:00.004 . Memory (MB): peak = 1618.895 ; gain = 0.000
INFO: [Project 1-111] Unisim Transformation Summary:
No Unisim elements were transformed.

Constraint Validation Runtime : Time (s): cpu = 00:00:00 ; elapsed = 00:00:00.073 . Memory (MB): peak = 1618.895 ; gain = 0.000
INFO: [Designutils 20-5440] No compile time benefit to using incremental synthesis; A full resynthesis will be run
INFO: [Designutils 20-4379] Flow is switching to default flow due to incremental criteria not met. If you would like to alter this behaviour and have the flow terminate instead, please set the following parameter config_implementation {autoIncr.Synth.RejectBehavior Terminate}
INFO: [Synth 8-11241] undeclared symbol 'REGCCE', assumed default net type 'wire' [C:/Xilinx/Vivado/2022.2/data/verilog/src/unimacro/BRAM_SINGLE_MACRO.v:2170]
---------------------------------------------------------------------------------
Finished Constraint Validation : Time (s): cpu = 00:00:31 ; elapsed = 00:00:59 . Memory (MB): peak = 1618.895 ; gain = 801.848
---------------------------------------------------------------------------------
---------------------------------------------------------------------------------
Start Loading Part and Timing Information
---------------------------------------------------------------------------------
Loading part: xc7a100tcsg324-1
WARNING: [Synth 8-3936] Found unconnected internal register 'last_HADDR_reg' and it is trimmed from '32' to '24' bits. [D:/Kunal-tictactoe/Tic_Tac_Toe/Files/FPGA/AHB_VGA/AHBVGASYS.v:86]
INFO: [Synth 8-802] inferred FSM for state register 'current_state_reg' in module 'UART_RX'
INFO: [Synth 8-802] inferred FSM for state register 'current_state_reg' in module 'UART_TX'
WARNING: [Synth 8-3936] Found unconnected internal register 'last_HADDR_reg' and it is trimmed from '32' to '8' bits. [D:/Kunal-tictactoe/Tic_Tac_Toe/Files/FPGA/AHB_UART/AHBUART.v:104]
WARNING: [Synth 8-3936] Found unconnected internal register 'last_HADDR_reg' and it is trimmed from '32' to '4' bits. [D:/Kunal-tictactoe/Tic_Tac_Toe/Files/FPGA/AHB_7SEG/AHB7SEGDEC.v:83]
WARNING: [Synth 8-3936] Found unconnected internal register 'last_HADDR_reg' and it is trimmed from '32' to '4' bits. [D:/Kunal-tictactoe/Tic_Tac_Toe/Files/FPGA/AHB_TIMER/AHBTIMER.v:102]
WARNING: [Synth 8-3936] Found unconnected internal register 'last_HADDR_reg' and it is trimmed from '32' to '8' bits. [D:/Kunal-tictactoe/Tic_Tac_Toe/Files/FPGA/AHB_GPIO/AHBGPIO.v:79]
INFO: [Synth 8-3971] The signal "dual_port_ram_sync:/ram_reg" was recognized as a true dual port RAM template.
INFO: [Synth 8-3971] The signal "dual_port_ram_sync__parameterized0:/ram_reg" was recognized as a true dual port RAM template.
---------------------------------------------------------------------------------------------------
                   State |                     New Encoding |                Previous Encoding 
---------------------------------------------------------------------------------------------------
                 idle_st |                               00 |                               00
                start_st |                               01 |                               01
                 data_st |                               10 |                               11
                 stop_st |                               11 |                               10
---------------------------------------------------------------------------------------------------
INFO: [Synth 8-3354] encoded FSM with state register 'current_state_reg' using encoding 'sequential' in module 'UART_RX'
---------------------------------------------------------------------------------------------------
                   State |                     New Encoding |                Previous Encoding 
---------------------------------------------------------------------------------------------------
                 idle_st |                               00 |                               00
                start_st |                               01 |                               01
                 data_st |                               10 |                               11
                 stop_st |                               11 |                               10
---------------------------------------------------------------------------------------------------
INFO: [Synth 8-3354] encoded FSM with state register 'current_state_reg' using encoding 'sequential' in module 'UART_TX'
---------------------------------------------------------------------------------
Finished RTL Optimization Phase 2 : Time (s): cpu = 00:00:49 ; elapsed = 00:01:30 . Memory (MB): peak = 1618.895 ; gain = 801.848
---------------------------------------------------------------------------------
---------------------------------------------------------------------------------
Start RTL Component Statistics 
---------------------------------------------------------------------------------
Detailed RTL Component Info : 
+---Adders : 
	   2 Input   34 Bit       Adders := 2     
	   2 Input   32 Bit       Adders := 2     
	   2 Input   31 Bit       Adders := 1     
	   2 Input   30 Bit       Adders := 1     
	   2 Input   24 Bit       Adders := 1     
	   2 Input   22 Bit       Adders := 1     
	   2 Input   15 Bit       Adders := 1     
	   2 Input   12 Bit       Adders := 1     
	   2 Input   10 Bit       Adders := 4     
	   2 Input    9 Bit       Adders := 2     
	   2 Input    7 Bit       Adders := 2     
	   2 Input    5 Bit       Adders := 3     
	   2 Input    4 Bit       Adders := 11    
	   2 Input    3 Bit       Adders := 2     
	   2 Input    1 Bit       Adders := 1     
+---XORs : 
	   2 Input      1 Bit         XORs := 72    
+---Registers : 
	               32 Bit    Registers := 4     
	               24 Bit    Registers := 1     
	               22 Bit    Registers := 1     
	               16 Bit    Registers := 3     
	               15 Bit    Registers := 3     
	               12 Bit    Registers := 2     
	               11 Bit    Registers := 1     
	               10 Bit    Registers := 6     
	                8 Bit    Registers := 11    
	                7 Bit    Registers := 2     
	                5 Bit    Registers := 3     
	                4 Bit    Registers := 12    
	                3 Bit    Registers := 3     
	                2 Bit    Registers := 6     
	                1 Bit    Registers := 1367  
+---RAMs : 
	             256K Bit	(32768 X 8 bit)          RAMs := 1     
	             128K Bit	(4096 X 32 bit)          RAMs := 1     
	              28K Bit	(4096 X 7 bit)          RAMs := 1     
	              128 Bit	(16 X 8 bit)          RAMs := 2     
+---ROMs : 
	                    ROMs := 1     
+---Muxes : 
	   2 Input   32 Bit        Muxes := 10    
	   3 Input   32 Bit        Muxes := 1     
	   2 Input   22 Bit        Muxes := 1     
	  11 Input   16 Bit        Muxes := 1     
	   2 Input   16 Bit        Muxes := 2     
	   2 Input   15 Bit        Muxes := 1     
	   2 Input   12 Bit        Muxes := 3     
	   2 Input    8 Bit        Muxes := 7     
	   4 Input    8 Bit        Muxes := 1     
	   2 Input    7 Bit        Muxes := 7     
	   2 Input    5 Bit        Muxes := 1     
	  11 Input    4 Bit        Muxes := 1     
	   2 Input    4 Bit        Muxes := 8     
	   4 Input    4 Bit        Muxes := 2     
	   4 Input    3 Bit        Muxes := 2     
	   4 Input    2 Bit        Muxes := 2     
	   2 Input    2 Bit        Muxes := 2     
	   2 Input    1 Bit        Muxes := 444   
	   4 Input    1 Bit        Muxes := 24    
	   3 Input    1 Bit        Muxes := 1     
	   5 Input    1 Bit        Muxes := 1     
---------------------------------------------------------------------------------
Finished RTL Component Statistics 
---------------------------------------------------------------------------------
---------------------------------------------------------------------------------
Start Part Resource Summary
---------------------------------------------------------------------------------
Part Resources:
DSPs: 240 (col length:80)
BRAMs: 270 (col length: RAMB18 80 RAMB36 40)
---------------------------------------------------------------------------------
Finished Part Resource Summary
---------------------------------------------------------------------------------
---------------------------------------------------------------------------------
Start Cross Boundary and Area Optimization
---------------------------------------------------------------------------------
WARNING: [Synth 8-7080] Parallel synthesis criteria is not met
DSP Report: Generating DSP Affpw60, operation Mode is: A*B.
DSP Report: operator Affpw60 is absorbed into DSP Affpw60.
DSP Report: operator Affpw60 is absorbed into DSP Affpw60.
DSP Report: Generating DSP Affpw60, operation Mode is: A*B.
DSP Report: operator Affpw60 is absorbed into DSP Affpw60.
DSP Report: operator Affpw60 is absorbed into DSP Affpw60.
DSP Report: Generating DSP Affpw60, operation Mode is: (PCIN>>17)+A*B.
DSP Report: operator Affpw60 is absorbed into DSP Affpw60.
DSP Report: operator Affpw60 is absorbed into DSP Affpw60.
RAM Pipeline Warning: Read Address Register Found For RAM uAHBVGA/uvga_console/uvideo_ram/ram_reg. We will not be able to pipeline it. This may degrade performance. 
RAM Pipeline Warning: Read Address Register Found For RAM uAHBVGA/uvga_console/uvideo_ram/ram_reg. We will not be able to pipeline it. This may degrade performance. 
RAM Pipeline Warning: Read Address Register Found For RAM uAHBVGA/uvga_image/uimage_ram/ram_reg. We will not be able to pipeline it. This may degrade performance. 
RAM Pipeline Warning: Read Address Register Found For RAM uAHBVGA/uvga_image/uimage_ram/ram_reg. We will not be able to pipeline it. This may degrade performance. 
RAM Pipeline Warning: Read Address Register Found For RAM uAHBVGA/uvga_console/uvideo_ram/ram_reg. We will not be able to pipeline it. This may degrade performance. 
RAM Pipeline Warning: Read Address Register Found For RAM uAHBVGA/uvga_image/uimage_ram/ram_reg. We will not be able to pipeline it. This may degrade performance. 
---------------------------------------------------------------------------------
Finished Cross Boundary and Area Optimization : Time (s): cpu = 00:01:08 ; elapsed = 00:01:55 . Memory (MB): peak = 1618.895 ; gain = 801.848
---------------------------------------------------------------------------------
---------------------------------------------------------------------------------
Start ROM, RAM, DSP, Shift Register and Retiming Reporting
---------------------------------------------------------------------------------

ROM: Preliminary Mapping Report
+------------+-------------------------------------+---------------+----------------+
|Module Name | RTL Object                          | Depth x Width | Implemented As | 
+------------+-------------------------------------+---------------+----------------+
|AHBVGA      | uvga_console/ufont_rom/addr_reg_reg | 2048x8        | Block RAM      | 
+------------+-------------------------------------+---------------+----------------+


Block RAM: Preliminary Mapping Report (see note below)
+------------+-----------------------------------------+------------------------+---+---+------------------------+---+---+------------------+--------+--------+
|Module Name | RTL Object                              | PORT A (Depth x Width) | W | R | PORT B (Depth x Width) | W | R | Ports driving FF | RAMB18 | RAMB36 | 
+------------+-----------------------------------------+------------------------+---+---+------------------------+---+---+------------------+--------+--------+
|AHBLITE_SYS | uAHB2RAM/memory_reg                     | 4 K x 32(READ_FIRST)   | W |   | 4 K x 32(WRITE_FIRST)  |   | R | Port A and B     | 0      | 4      | 
|AHBLITE_SYS | uAHBVGA/uvga_console/uvideo_ram/ram_reg | 4 K x 7(READ_FIRST)    | W |   | 4 K x 7(WRITE_FIRST)   |   | R | Port A and B     | 0      | 1      | 
|AHBLITE_SYS | uAHBVGA/uvga_image/uimage_ram/ram_reg   | 32 K x 8(READ_FIRST)   | W |   | 32 K x 8(WRITE_FIRST)  |   | R | Port A and B     | 0      | 8      | 
+------------+-----------------------------------------+------------------------+---+---+------------------------+---+---+------------------+--------+--------+

Note: The table above is a preliminary report that shows the Block RAMs at the current stage of the synthesis flow. Some Block RAMs may be reimplemented as non Block RAM primitives later in the synthesis flow. Multiple instantiated Block RAMs are reported only once. 

Distributed RAM: Preliminary Mapping Report (see note below)
+------------+---------------------------------+-----------+----------------------+-------------+
|Module Name | RTL Object                      | Inference | Size (Depth x Width) | Primitives  | 
+------------+---------------------------------+-----------+----------------------+-------------+
|AHBLITE_SYS | uAHBUART/uFIFO_TX/array_reg_reg | Implied   | 16 x 8               | RAM32M x 2  | 
|AHBLITE_SYS | uAHBUART/uFIFO_RX/array_reg_reg | Implied   | 16 x 8               | RAM32M x 2  | 
+------------+---------------------------------+-----------+----------------------+-------------+

Note: The table above is a preliminary report that shows the Distributed RAMs at the current stage of the synthesis flow. Some Distributed RAMs may be reimplemented as non Distributed RAM primitives later in the synthesis flow. Multiple instantiated RAMs are reported only once.

DSP: Preliminary Mapping Report (see note below. The ' indicates corresponding REG is set)
+-----------------+----------------+--------+--------+--------+--------+--------+------+------+------+------+-------+------+------+
|Module Name      | DSP Mapping    | A Size | B Size | C Size | D Size | P Size | AREG | BREG | CREG | DREG | ADREG | MREG | PREG | 
+-----------------+----------------+--------+--------+--------+--------+--------+------+------+------+------+-------+------+------+
|cortexm0ds_logic | A*B            | 15     | 15     | -      | -      | 15     | 0    | 0    | -    | -    | -     | 0    | 0    | 
|cortexm0ds_logic | A*B            | 18     | 18     | -      | -      | 48     | 0    | 0    | -    | -    | -     | 0    | 0    | 
|cortexm0ds_logic | (PCIN>>17)+A*B | 15     | 15     | -      | -      | 15     | 0    | 0    | -    | -    | -     | 0    | 0    | 
+-----------------+----------------+--------+--------+--------+--------+--------+------+------+------+------+-------+------+------+

Note: The table above is a preliminary report that shows the DSPs inferred at the current stage of the synthesis flow. Some DSP may be reimplemented as non DSP primitives later in the synthesis flow. Multiple instantiated DSPs are reported only once.
---------------------------------------------------------------------------------
Finished ROM, RAM, DSP, Shift Register and Retiming Reporting
---------------------------------------------------------------------------------
---------------------------------------------------------------------------------
Start Applying XDC Timing Constraints
---------------------------------------------------------------------------------
---------------------------------------------------------------------------------
Finished Applying XDC Timing Constraints : Time (s): cpu = 00:01:17 ; elapsed = 00:02:04 . Memory (MB): peak = 1618.895 ; gain = 801.848
---------------------------------------------------------------------------------
---------------------------------------------------------------------------------
Start Timing Optimization
---------------------------------------------------------------------------------
---------------------------------------------------------------------------------
Finished Timing Optimization : Time (s): cpu = 00:01:17 ; elapsed = 00:02:05 . Memory (MB): peak = 1618.895 ; gain = 801.848
---------------------------------------------------------------------------------
---------------------------------------------------------------------------------
Start ROM, RAM, DSP, Shift Register and Retiming Reporting
---------------------------------------------------------------------------------

Block RAM: Final Mapping Report
+------------+-----------------------------------------+------------------------+---+---+------------------------+---+---+------------------+--------+--------+
|Module Name | RTL Object                              | PORT A (Depth x Width) | W | R | PORT B (Depth x Width) | W | R | Ports driving FF | RAMB18 | RAMB36 | 
+------------+-----------------------------------------+------------------------+---+---+------------------------+---+---+------------------+--------+--------+
|AHBLITE_SYS | uAHB2RAM/memory_reg                     | 4 K x 32(READ_FIRST)   | W |   | 4 K x 32(WRITE_FIRST)  |   | R | Port A and B     | 0      | 4      | 
|AHBLITE_SYS | uAHBVGA/uvga_console/uvideo_ram/ram_reg | 4 K x 7(READ_FIRST)    | W |   | 4 K x 7(WRITE_FIRST)   |   | R | Port A and B     | 0      | 1      | 
|AHBLITE_SYS | uAHBVGA/uvga_image/uimage_ram/ram_reg   | 32 K x 8(READ_FIRST)   | W |   | 32 K x 8(WRITE_FIRST)  |   | R | Port A and B     | 0      | 8      | 
+------------+-----------------------------------------+------------------------+---+---+------------------------+---+---+------------------+--------+--------+


Distributed RAM: Final Mapping Report
+------------+---------------------------------+-----------+----------------------+-------------+
|Module Name | RTL Object                      | Inference | Size (Depth x Width) | Primitives  | 
+------------+---------------------------------+-----------+----------------------+-------------+
|AHBLITE_SYS | uAHBUART/uFIFO_TX/array_reg_reg | Implied   | 16 x 8               | RAM32M x 2  | 
|AHBLITE_SYS | uAHBUART/uFIFO_RX/array_reg_reg | Implied   | 16 x 8               | RAM32M x 2  | 
+------------+---------------------------------+-----------+----------------------+-------------+

---------------------------------------------------------------------------------
Finished ROM, RAM, DSP, Shift Register and Retiming Reporting
---------------------------------------------------------------------------------
---------------------------------------------------------------------------------
Start Technology Mapping
---------------------------------------------------------------------------------
INFO: [Synth 8-7052] The timing for the instance uAHB2RAM/memory_reg_0 (implemented as a Block RAM) might be sub-optimal as no optional output register could be merged into the ram block. Providing additional output register may help in improving timing.
INFO: [Synth 8-7052] The timing for the instance uAHB2RAM/memory_reg_1 (implemented as a Block RAM) might be sub-optimal as no optional output register could be merged into the ram block. Providing additional output register may help in improving timing.
INFO: [Synth 8-7052] The timing for the instance uAHB2RAM/memory_reg_2 (implemented as a Block RAM) might be sub-optimal as no optional output register could be merged into the ram block. Providing additional output register may help in improving timing.
INFO: [Synth 8-7052] The timing for the instance uAHB2RAM/memory_reg_3 (implemented as a Block RAM) might be sub-optimal as no optional output register could be merged into the ram block. Providing additional output register may help in improving timing.
INFO: [Synth 8-7052] The timing for the instance uAHBVGA/uvga_console/uvideo_ram/ram_reg (implemented as a Block RAM) might be sub-optimal as no optional output register could be merged into the ram block. Providing additional output register may help in improving timing.
INFO: [Synth 8-7052] The timing for the instance uAHBVGA/uvga_image/uimage_ram/ram_reg_0_0 (implemented as a Block RAM) might be sub-optimal as no optional output register could be merged into the ram block. Providing additional output register may help in improving timing.
INFO: [Synth 8-7052] The timing for the instance uAHBVGA/uvga_image/uimage_ram/ram_reg_0_1 (implemented as a Block RAM) might be sub-optimal as no optional output register could be merged into the ram block. Providing additional output register may help in improving timing.
INFO: [Synth 8-7052] The timing for the instance uAHBVGA/uvga_image/uimage_ram/ram_reg_0_2 (implemented as a Block RAM) might be sub-optimal as no optional output register could be merged into the ram block. Providing additional output register may help in improving timing.
INFO: [Synth 8-7052] The timing for the instance uAHBVGA/uvga_image/uimage_ram/ram_reg_0_3 (implemented as a Block RAM) might be sub-optimal as no optional output register could be merged into the ram block. Providing additional output register may help in improving timing.
INFO: [Synth 8-7052] The timing for the instance uAHBVGA/uvga_image/uimage_ram/ram_reg_0_4 (implemented as a Block RAM) might be sub-optimal as no optional output register could be merged into the ram block. Providing additional output register may help in improving timing.
INFO: [Synth 8-7052] The timing for the instance uAHBVGA/uvga_image/uimage_ram/ram_reg_0_5 (implemented as a Block RAM) might be sub-optimal as no optional output register could be merged into the ram block. Providing additional output register may help in improving timing.
INFO: [Synth 8-7052] The timing for the instance uAHBVGA/uvga_image/uimage_ram/ram_reg_0_6 (implemented as a Block RAM) might be sub-optimal as no optional output register could be merged into the ram block. Providing additional output register may help in improving timing.
INFO: [Synth 8-7052] The timing for the instance uAHBVGA/uvga_image/uimage_ram/ram_reg_0_7 (implemented as a Block RAM) might be sub-optimal as no optional output register could be merged into the ram block. Providing additional output register may help in improving timing.
INFO: [Synth 8-7052] The timing for the instance uAHBVGA/uvga_console/ufont_rom/addr_reg_reg (implemented as a Block RAM) might be sub-optimal as no optional output register could be merged into the ram block. Providing additional output register may help in improving timing.
---------------------------------------------------------------------------------
Finished Technology Mapping : Time (s): cpu = 00:01:20 ; elapsed = 00:02:08 . Memory (MB): peak = 1618.895 ; gain = 801.848
---------------------------------------------------------------------------------
---------------------------------------------------------------------------------
Start IO Insertion
---------------------------------------------------------------------------------
---------------------------------------------------------------------------------
Start Flattening Before IO Insertion
---------------------------------------------------------------------------------
---------------------------------------------------------------------------------
Finished Flattening Before IO Insertion
---------------------------------------------------------------------------------
---------------------------------------------------------------------------------
Start Final Netlist Cleanup
---------------------------------------------------------------------------------
---------------------------------------------------------------------------------
Finished Final Netlist Cleanup
---------------------------------------------------------------------------------
---------------------------------------------------------------------------------
Finished IO Insertion : Time (s): cpu = 00:01:25 ; elapsed = 00:02:13 . Memory (MB): peak = 1625.348 ; gain = 808.301
---------------------------------------------------------------------------------
---------------------------------------------------------------------------------
Start Renaming Generated Instances
---------------------------------------------------------------------------------
---------------------------------------------------------------------------------
Finished Renaming Generated Instances : Time (s): cpu = 00:01:25 ; elapsed = 00:02:13 . Memory (MB): peak = 1625.348 ; gain = 808.301
---------------------------------------------------------------------------------
---------------------------------------------------------------------------------
Start Rebuilding User Hierarchy
---------------------------------------------------------------------------------
---------------------------------------------------------------------------------
Finished Rebuilding User Hierarchy : Time (s): cpu = 00:01:25 ; elapsed = 00:02:13 . Memory (MB): peak = 1625.348 ; gain = 808.301
---------------------------------------------------------------------------------
---------------------------------------------------------------------------------
Start Renaming Generated Ports
---------------------------------------------------------------------------------
---------------------------------------------------------------------------------
Finished Renaming Generated Ports : Time (s): cpu = 00:01:25 ; elapsed = 00:02:13 . Memory (MB): peak = 1625.348 ; gain = 808.301
---------------------------------------------------------------------------------
---------------------------------------------------------------------------------
Start Handling Custom Attributes
---------------------------------------------------------------------------------
---------------------------------------------------------------------------------
Finished Handling Custom Attributes : Time (s): cpu = 00:01:25 ; elapsed = 00:02:13 . Memory (MB): peak = 1625.359 ; gain = 808.312
---------------------------------------------------------------------------------
---------------------------------------------------------------------------------
Start Renaming Generated Nets
---------------------------------------------------------------------------------
---------------------------------------------------------------------------------
Finished Renaming Generated Nets : Time (s): cpu = 00:01:25 ; elapsed = 00:02:13 . Memory (MB): peak = 1625.359 ; gain = 808.312
---------------------------------------------------------------------------------
---------------------------------------------------------------------------------
Start Writing Synthesis Report
---------------------------------------------------------------------------------

DSP Final Report (the ' indicates corresponding REG is set)
+-----------------+--------------+--------+--------+--------+--------+--------+------+------+------+------+-------+------+------+
|Module Name      | DSP Mapping  | A Size | B Size | C Size | D Size | P Size | AREG | BREG | CREG | DREG | ADREG | MREG | PREG | 
+-----------------+--------------+--------+--------+--------+--------+--------+------+------+------+------+-------+------+------+
|cortexm0ds_logic | A*B          | 15     | 18     | -      | -      | 15     | 0    | 0    | -    | -    | -     | 0    | 0    | 
|cortexm0ds_logic | A*B          | 17     | 17     | -      | -      | 48     | 0    | 0    | -    | -    | -     | 0    | 0    | 
|cortexm0ds_logic | PCIN>>17+A*B | 30     | 15     | -      | -      | 15     | 0    | 0    | -    | -    | -     | 0    | 0    | 
+-----------------+--------------+--------+--------+--------+--------+--------+------+------+------+------+-------+------+------+


Report BlackBoxes: 
+-+--------------+----------+
| |BlackBox name |Instances |
+-+--------------+----------+
+-+--------------+----------+

Report Cell Usage: 
+------+---------+------+
|      |Cell     |Count |
+------+---------+------+
|1     |BUFG     |     2|
|2     |CARRY4   |    76|
|3     |DSP48E1  |     3|
|4     |LUT1     |   109|
|5     |LUT2     |   345|
|6     |LUT3     |   326|
|7     |LUT4     |   340|
|8     |LUT5     |   692|
|9     |LUT6     |  1871|
|10    |MUXF7    |     4|
|11    |MUXF8    |     1|
|12    |RAM32M   |     2|
|13    |RAM32X1D |     4|
|14    |RAMB18E1 |     1|
|15    |RAMB36E1 |    13|
|21    |FDCE     |   494|
|22    |FDPE     |    72|
|23    |FDRE     |   702|
|24    |FDSE     |    80|
|25    |IBUF     |    11|
|26    |OBUF     |    31|
+------+---------+------+
---------------------------------------------------------------------------------
Finished Writing Synthesis Report : Time (s): cpu = 00:01:25 ; elapsed = 00:02:13 . Memory (MB): peak = 1625.359 ; gain = 808.312
---------------------------------------------------------------------------------
Synthesis finished with 0 errors, 0 critical warnings and 259 warnings.
Synthesis Optimization Runtime : Time (s): cpu = 00:01:00 ; elapsed = 00:02:11 . Memory (MB): peak = 1625.359 ; gain = 785.441
Synthesis Optimization Complete : Time (s): cpu = 00:01:25 ; elapsed = 00:02:15 . Memory (MB): peak = 1625.359 ; gain = 808.312
INFO: [Project 1-571] Translating synthesized netlist
Netlist sorting complete. Time (s): cpu = 00:00:00 ; elapsed = 00:00:00.039 . Memory (MB): peak = 1625.359 ; gain = 0.000
INFO: [Netlist 29-17] Analyzing 104 Unisim elements for replacement
INFO: [Netlist 29-28] Unisim Transformation completed in 0 CPU seconds
INFO: [Project 1-570] Preparing netlist for logic optimization
INFO: [Opt 31-138] Pushed 0 inverter(s) to 0 load pin(s).
Netlist sorting complete. Time (s): cpu = 00:00:00 ; elapsed = 00:00:00.001 . Memory (MB): peak = 1625.359 ; gain = 0.000
INFO: [Project 1-111] Unisim Transformation Summary:
  A total of 6 instances were transformed.
  RAM32M => RAM32M (RAMD32(x6), RAMS32(x2)): 2 instances
  RAM32X1D => RAM32X1D (RAMD32(x2)): 4 instances

Synth Design complete, checksum: 635d4a2f
INFO: [Common 17-83] Releasing license: Synthesis
104 Infos, 129 Warnings, 4 Critical Warnings and 0 Errors encountered.
synth_design completed successfully
synth_design: Time (s): cpu = 00:01:30 ; elapsed = 00:02:27 . Memory (MB): peak = 1625.359 ; gain = 1202.617
INFO: [runtcl-6] Synthesis results are not added to the cache due to CRITICAL_WARNING
INFO: [Common 17-1381] The checkpoint 'D:/Kunal-tictactoe/Tic_Tac_Toe/Vivado/VivadoProject/VivadoProject.runs/synth_1/AHBLITE_SYS.dcp' has been generated.
INFO: [runtcl-4] Executing : report_utilization -file AHBLITE_SYS_utilization_synth.rpt -pb AHBLITE_SYS_utilization_synth.pb
INFO: [Common 17-206] Exiting Vivado at Thu May 18 17:57:23 2023...
