#-----------------------------------------------------------
# updatemem v2022.2 (64-bit)
# SW Build 3671981 on Fri Oct 14 05:00:03 MDT 2022
# IP Build 3669848 on Fri Oct 14 08:30:02 MDT 2022
# Start of session at: Thu May 18 19:52:07 2023
# Process ID: 9452
# Current directory: D:/Kunal-tictactoe/Tic_Tac_Toe/Vivado/VivadoProject
# Command line: updatemem.exe -mode batch -source C:/Xilinx/Vivado/2022.2/scripts/updatemem/main.tcl -notrace -tclargs -meminfo bram.mmi -data code.mem -proc my_bram -bit D:/Kunal-tictactoe/Tic_Tac_Toe/Vivado/VivadoProject/VivadoProject.runs/impl_1/AHBLITE_SYS.bit -out reflash.bit -force -debug
# Log file: D:/Kunal-tictactoe/Tic_Tac_Toe/Vivado/VivadoProject/updatemem.log
# Journal file: D:/Kunal-tictactoe/Tic_Tac_Toe/Vivado/VivadoProject\updatemem.jou
# Running On: 035Latitude3420, OS: Windows, CPU Frequency: 1382 MHz, CPU Physical cores: 4, Host memory: 8311 MB
#-----------------------------------------------------------
source C:/Xilinx/Vivado/2022.2/scripts/updatemem/main.tcl -notrace
Command: update_mem -meminfo bram.mmi -data code.mem -proc my_bram -bit D:/Kunal-tictactoe/Tic_Tac_Toe/Vivado/VivadoProject/VivadoProject.runs/impl_1/AHBLITE_SYS.bit -out reflash.bit -force -debug
Loading bitfile D:/Kunal-tictactoe/Tic_Tac_Toe/Vivado/VivadoProject/VivadoProject.runs/impl_1/AHBLITE_SYS.bit
Loading data files...
Updating memory content...
Creating bitstream...
Writing bitstream reflash.bit...
0 Infos, 0 Warnings, 0 Critical Warnings and 0 Errors encountered.
update_mem completed successfully
update_mem: Time (s): cpu = 00:00:08 ; elapsed = 00:00:10 . Memory (MB): peak = 599.949 ; gain = 487.723
INFO: [Common 17-206] Exiting updatemem at Thu May 18 19:52:17 2023...
