


ARM Macro Assembler    Page 1 


    1 00000000 00000400 
                       Stack_Size
                               EQU              0x00000400
    2 00000000         
    3 00000000                 AREA             STACK, NOINIT, READWRITE, ALIGN
=4
    4 00000000         Stack_Mem
                               SPACE            Stack_Size
    5 00000400         __initial_sp
    6 00000400         
    7 00000400         
    8 00000400 00000400 
                       Heap_Size
                               EQU              0x00000400
    9 00000400                 AREA             HEAP, NOINIT, READWRITE, ALIGN=
4
   10 00000000         __heap_base
   11 00000000         Heap_Mem
                               SPACE            Heap_Size
   12 00000400         __heap_limit
   13 00000400         
   14 00000400         
   15 00000400         ; Vector Table Mapped to Address 0 at Reset
   16 00000400         
   17 00000400                 PRESERVE8
   18 00000400                 THUMB
   19 00000400         
   20 00000400                 AREA             RESET, DATA, READONLY
   21 00000000                 EXPORT           __Vectors
   22 00000000         
   23 00000000 00003FFC 
                       __Vectors
                               DCD              0x00003FFC
   24 00000004 00000000        DCD              Reset_Handler
   25 00000008 00000000        DCD              0
   26 0000000C 00000000        DCD              0
   27 00000010 00000000        DCD              0
   28 00000014 00000000        DCD              0
   29 00000018 00000000        DCD              0
   30 0000001C 00000000        DCD              0
   31 00000020 00000000        DCD              0
   32 00000024 00000000        DCD              0
   33 00000028 00000000        DCD              0
   34 0000002C 00000000        DCD              0
   35 00000030 00000000        DCD              0
   36 00000034 00000000        DCD              0
   37 00000038 00000000        DCD              0
   38 0000003C 00000000        DCD              0
   39 00000040         
   40 00000040         ; External Interrupts
   41 00000040         
   42 00000040 00000000        DCD              Timer_Handler
   43 00000044 00000000        DCD              UART_Handler
   44 00000048 00000000        DCD              0
   45 0000004C 00000000        DCD              0
   46 00000050 00000000        DCD              0
   47 00000054 00000000        DCD              0
   48 00000058 00000000        DCD              0
   49 0000005C 00000000        DCD              0



ARM Macro Assembler    Page 2 


   50 00000060 00000000        DCD              0
   51 00000064 00000000        DCD              0
   52 00000068 00000000        DCD              0
   53 0000006C 00000000        DCD              0
   54 00000070 00000000        DCD              0
   55 00000074 00000000        DCD              0
   56 00000078 00000000        DCD              0
   57 0000007C 00000000        DCD              0
   58 00000080         
   59 00000080                 AREA             |.text|, CODE, READONLY
   60 00000000         ;Reset Handler
   61 00000000         Reset_Handler
                               PROC
   62 00000000                 GLOBAL           Reset_Handler
   63 00000000                 ENTRY
   64 00000000                 IMPORT           __main
   65 00000000 4807            LDR              R0, =__main
   66 00000002 4700            BX               R0          ;Branch to __main
   67 00000004                 ENDP
   68 00000004         
   69 00000004         Timer_Handler
                               PROC
   70 00000004                 EXPORT           Timer_Handler
   71 00000004                 IMPORT           Timer_ISR
   72 00000004 B507            PUSH             {R0,R1,R2,LR}
   73 00000006 F7FF FFFE       BL               Timer_ISR
   74 0000000A BD07            POP              {R0,R1,R2,PC} ;return
   75 0000000C                 ENDP
   76 0000000C         
   77 0000000C         UART_Handler
                               PROC
   78 0000000C                 EXPORT           UART_Handler
   79 0000000C                 IMPORT           UART_ISR
   80 0000000C B507            PUSH             {R0,R1,R2,LR}
   81 0000000E F7FF FFFE       BL               UART_ISR
   82 00000012 BD07            POP              {R0,R1,R2,PC}
   83 00000014                 ENDP
   84 00000014         
   85 00000014                 ALIGN            4           ; Align to a word b
                                                            oundary
   86 00000014         
   87 00000014         ; User Initial Stack & Heap
   88 00000014                 IF               :DEF:__MICROLIB
   93 00000014                 IMPORT           __use_two_region_memory
   94 00000014                 EXPORT           __user_initial_stackheap
   95 00000014         __user_initial_stackheap
   96 00000014         
   97 00000014 4803            LDR              R0, =  Heap_Mem
   98 00000016 4904            LDR              R1, =(Stack_Mem + Stack_Size)
   99 00000018 4A04            LDR              R2, = (Heap_Mem +  Heap_Size)
  100 0000001A 4B05            LDR              R3, = Stack_Mem
  101 0000001C 4770            BX               LR
  102 0000001E         
  103 0000001E 00 00           ALIGN
  104 00000020         
  105 00000020                 ENDIF
  106 00000020         
  107 00000020                 END
              00000000 



ARM Macro Assembler    Page 3 


              00000000 
              00000400 
              00000400 
              00000000 
Command Line: --debug --xref --diag_suppress=9931,A1950W --cpu=Cortex-M0 --depe
nd=.\objects\cm0dsasm.d -o.\objects\cm0dsasm.o -I..\Files\Software\device -I.\R
TE\_Target_1 -IC:\Users\Checkout\AppData\Local\Arm\Packs\ARM\CMSIS\5.9.0\CMSIS\
Core\Include -IC:\Users\Checkout\AppData\Local\Arm\Packs\ARM\CMSIS\5.9.0\Device
\ARM\ARMCM0\Include --predefine="__EVAL SETA 1" --predefine="__UVISION_VERSION 
SETA 538" --predefine="_RTE_ SETA 1" --predefine="ARMCM0 SETA 1" --predefine="_
RTE_ SETA 1" --list=.\listings\cm0dsasm.lst ..\Files\Software\device\cm0dsasm.s



ARM Macro Assembler    Page 1 Alphabetic symbol ordering
Relocatable symbols

STACK 00000000

Symbol: STACK
   Definitions
      At line 3 in file ..\Files\Software\device\cm0dsasm.s
   Uses
      None
Comment: STACK unused
Stack_Mem 00000000

Symbol: Stack_Mem
   Definitions
      At line 4 in file ..\Files\Software\device\cm0dsasm.s
   Uses
      At line 98 in file ..\Files\Software\device\cm0dsasm.s
      At line 100 in file ..\Files\Software\device\cm0dsasm.s

__initial_sp 00000400

Symbol: __initial_sp
   Definitions
      At line 5 in file ..\Files\Software\device\cm0dsasm.s
   Uses
      None
Comment: __initial_sp unused
3 symbols



ARM Macro Assembler    Page 1 Alphabetic symbol ordering
Relocatable symbols

HEAP 00000000

Symbol: HEAP
   Definitions
      At line 9 in file ..\Files\Software\device\cm0dsasm.s
   Uses
      None
Comment: HEAP unused
Heap_Mem 00000000

Symbol: Heap_Mem
   Definitions
      At line 11 in file ..\Files\Software\device\cm0dsasm.s
   Uses
      At line 97 in file ..\Files\Software\device\cm0dsasm.s
      At line 99 in file ..\Files\Software\device\cm0dsasm.s

__heap_base 00000000

Symbol: __heap_base
   Definitions
      At line 10 in file ..\Files\Software\device\cm0dsasm.s
   Uses
      None
Comment: __heap_base unused
__heap_limit 00000400

Symbol: __heap_limit
   Definitions
      At line 12 in file ..\Files\Software\device\cm0dsasm.s
   Uses
      None
Comment: __heap_limit unused
4 symbols



ARM Macro Assembler    Page 1 Alphabetic symbol ordering
Relocatable symbols

RESET 00000000

Symbol: RESET
   Definitions
      At line 20 in file ..\Files\Software\device\cm0dsasm.s
   Uses
      None
Comment: RESET unused
__Vectors 00000000

Symbol: __Vectors
   Definitions
      At line 23 in file ..\Files\Software\device\cm0dsasm.s
   Uses
      At line 21 in file ..\Files\Software\device\cm0dsasm.s
Comment: __Vectors used once
2 symbols



ARM Macro Assembler    Page 1 Alphabetic symbol ordering
Relocatable symbols

.text 00000000

Symbol: .text
   Definitions
      At line 59 in file ..\Files\Software\device\cm0dsasm.s
   Uses
      None
Comment: .text unused
Reset_Handler 00000000

Symbol: Reset_Handler
   Definitions
      At line 61 in file ..\Files\Software\device\cm0dsasm.s
   Uses
      At line 24 in file ..\Files\Software\device\cm0dsasm.s
      At line 62 in file ..\Files\Software\device\cm0dsasm.s

Timer_Handler 00000004

Symbol: Timer_Handler
   Definitions
      At line 69 in file ..\Files\Software\device\cm0dsasm.s
   Uses
      At line 42 in file ..\Files\Software\device\cm0dsasm.s
      At line 70 in file ..\Files\Software\device\cm0dsasm.s

UART_Handler 0000000C

Symbol: UART_Handler
   Definitions
      At line 77 in file ..\Files\Software\device\cm0dsasm.s
   Uses
      At line 43 in file ..\Files\Software\device\cm0dsasm.s
      At line 78 in file ..\Files\Software\device\cm0dsasm.s

__user_initial_stackheap 00000014

Symbol: __user_initial_stackheap
   Definitions
      At line 95 in file ..\Files\Software\device\cm0dsasm.s
   Uses
      At line 94 in file ..\Files\Software\device\cm0dsasm.s
Comment: __user_initial_stackheap used once
5 symbols



ARM Macro Assembler    Page 1 Alphabetic symbol ordering
Absolute symbols

Heap_Size 00000400

Symbol: Heap_Size
   Definitions
      At line 8 in file ..\Files\Software\device\cm0dsasm.s
   Uses
      At line 11 in file ..\Files\Software\device\cm0dsasm.s
      At line 99 in file ..\Files\Software\device\cm0dsasm.s

Stack_Size 00000400

Symbol: Stack_Size
   Definitions
      At line 1 in file ..\Files\Software\device\cm0dsasm.s
   Uses
      At line 4 in file ..\Files\Software\device\cm0dsasm.s
      At line 98 in file ..\Files\Software\device\cm0dsasm.s

2 symbols



ARM Macro Assembler    Page 1 Alphabetic symbol ordering
External symbols

Timer_ISR 00000000

Symbol: Timer_ISR
   Definitions
      At line 71 in file ..\Files\Software\device\cm0dsasm.s
   Uses
      At line 73 in file ..\Files\Software\device\cm0dsasm.s
Comment: Timer_ISR used once
UART_ISR 00000000

Symbol: UART_ISR
   Definitions
      At line 79 in file ..\Files\Software\device\cm0dsasm.s
   Uses
      At line 81 in file ..\Files\Software\device\cm0dsasm.s
Comment: UART_ISR used once
__main 00000000

Symbol: __main
   Definitions
      At line 64 in file ..\Files\Software\device\cm0dsasm.s
   Uses
      At line 65 in file ..\Files\Software\device\cm0dsasm.s
Comment: __main used once
__use_two_region_memory 00000000

Symbol: __use_two_region_memory
   Definitions
      At line 93 in file ..\Files\Software\device\cm0dsasm.s
   Uses
      None
Comment: __use_two_region_memory unused
4 symbols
358 symbols in table
